DEB [20180831-13:27:14.417] thr=1   paramiko.transport: starting thread (client mode): 0x3c18410
DEB [20180831-13:27:14.417] thr=1   paramiko.transport: Local version/idstring: SSH-2.0-paramiko_2.4.1
DEB [20180831-13:27:14.447] thr=1   paramiko.transport: Remote version/idstring: SSH-2.0-OpenSSH_7.4
INF [20180831-13:27:14.447] thr=1   paramiko.transport: Connected (version 2.0, client OpenSSH_7.4)
DEB [20180831-13:27:14.466] thr=1   paramiko.transport: kex algos:['curve25519-sha256', 'curve25519-sha256@libssh.org', 'ecdh-sha2-nistp256', 'ecdh-sha2-nistp384', 'ecdh-sha2-nistp521', 'diffie-hellman-group-exchange-sha256', 'diffie-hellman-group16-sha512', 'diffie-hellman-group18-sha512', 'diffie-hellman-group-exchange-sha1', 'diffie-hellman-group14-sha256', 'diffie-hellman-group14-sha1', 'diffie-hellman-group1-sha1'] server key:['ssh-rsa', 'rsa-sha2-512', 'rsa-sha2-256', 'ecdsa-sha2-nistp256', 'ssh-ed25519'] client encrypt:['chacha20-poly1305@openssh.com', 'aes128-ctr', 'aes192-ctr', 'aes256-ctr', 'aes128-gcm@openssh.com', 'aes256-gcm@openssh.com', 'aes128-cbc', 'aes192-cbc', 'aes256-cbc', 'blowfish-cbc', 'cast128-cbc', '3des-cbc'] server encrypt:['chacha20-poly1305@openssh.com', 'aes128-ctr', 'aes192-ctr', 'aes256-ctr', 'aes128-gcm@openssh.com', 'aes256-gcm@openssh.com', 'aes128-cbc', 'aes192-cbc', 'aes256-cbc', 'blowfish-cbc', 'cast128-cbc', '3des-cbc'] client mac:['umac-64-etm@openssh.com', 'umac-128-etm@openssh.com', 'hmac-sha2-256-etm@openssh.com', 'hmac-sha2-512-etm@openssh.com', 'hmac-sha1-etm@openssh.com', 'umac-64@openssh.com', 'umac-128@openssh.com', 'hmac-sha2-256', 'hmac-sha2-512', 'hmac-sha1'] server mac:['umac-64-etm@openssh.com', 'umac-128-etm@openssh.com', 'hmac-sha2-256-etm@openssh.com', 'hmac-sha2-512-etm@openssh.com', 'hmac-sha1-etm@openssh.com', 'umac-64@openssh.com', 'umac-128@openssh.com', 'hmac-sha2-256', 'hmac-sha2-512', 'hmac-sha1'] client compress:['none', 'zlib@openssh.com'] server compress:['none', 'zlib@openssh.com'] client lang:[''] server lang:[''] kex follows?False
DEB [20180831-13:27:14.467] thr=1   paramiko.transport: Kex agreed: ecdh-sha2-nistp256
DEB [20180831-13:27:14.467] thr=1   paramiko.transport: HostKey agreed: ssh-ed25519
DEB [20180831-13:27:14.467] thr=1   paramiko.transport: Cipher agreed: aes128-ctr
DEB [20180831-13:27:14.467] thr=1   paramiko.transport: MAC agreed: hmac-sha2-256
DEB [20180831-13:27:14.467] thr=1   paramiko.transport: Compression agreed: none
DEB [20180831-13:27:14.975] thr=1   paramiko.transport: kex engine KexNistp256 specified hash_algo <built-in function openssl_sha256>
DEB [20180831-13:27:14.975] thr=1   paramiko.transport: Switch to new keys ...
DEB [20180831-13:27:25.677] thr=1   paramiko.transport: userauth is OK
INF [20180831-13:27:28.102] thr=1   paramiko.transport: Authentication (password) failed.
DEB [20180831-13:27:28.105] thr=1   paramiko.transport: EOF in transport thread
DEB [20180831-13:27:38.563] thr=1   paramiko.transport: starting thread (client mode): 0x3225790
DEB [20180831-13:27:38.564] thr=1   paramiko.transport: Local version/idstring: SSH-2.0-paramiko_2.4.1
DEB [20180831-13:27:38.573] thr=1   paramiko.transport: Remote version/idstring: SSH-2.0-OpenSSH_7.4
INF [20180831-13:27:38.573] thr=1   paramiko.transport: Connected (version 2.0, client OpenSSH_7.4)
DEB [20180831-13:27:38.576] thr=1   paramiko.transport: kex algos:['curve25519-sha256', 'curve25519-sha256@libssh.org', 'ecdh-sha2-nistp256', 'ecdh-sha2-nistp384', 'ecdh-sha2-nistp521', 'diffie-hellman-group-exchange-sha256', 'diffie-hellman-group16-sha512', 'diffie-hellman-group18-sha512', 'diffie-hellman-group-exchange-sha1', 'diffie-hellman-group14-sha256', 'diffie-hellman-group14-sha1', 'diffie-hellman-group1-sha1'] server key:['ssh-rsa', 'rsa-sha2-512', 'rsa-sha2-256', 'ecdsa-sha2-nistp256', 'ssh-ed25519'] client encrypt:['chacha20-poly1305@openssh.com', 'aes128-ctr', 'aes192-ctr', 'aes256-ctr', 'aes128-gcm@openssh.com', 'aes256-gcm@openssh.com', 'aes128-cbc', 'aes192-cbc', 'aes256-cbc', 'blowfish-cbc', 'cast128-cbc', '3des-cbc'] server encrypt:['chacha20-poly1305@openssh.com', 'aes128-ctr', 'aes192-ctr', 'aes256-ctr', 'aes128-gcm@openssh.com', 'aes256-gcm@openssh.com', 'aes128-cbc', 'aes192-cbc', 'aes256-cbc', 'blowfish-cbc', 'cast128-cbc', '3des-cbc'] client mac:['umac-64-etm@openssh.com', 'umac-128-etm@openssh.com', 'hmac-sha2-256-etm@openssh.com', 'hmac-sha2-512-etm@openssh.com', 'hmac-sha1-etm@openssh.com', 'umac-64@openssh.com', 'umac-128@openssh.com', 'hmac-sha2-256', 'hmac-sha2-512', 'hmac-sha1'] server mac:['umac-64-etm@openssh.com', 'umac-128-etm@openssh.com', 'hmac-sha2-256-etm@openssh.com', 'hmac-sha2-512-etm@openssh.com', 'hmac-sha1-etm@openssh.com', 'umac-64@openssh.com', 'umac-128@openssh.com', 'hmac-sha2-256', 'hmac-sha2-512', 'hmac-sha1'] client compress:['none', 'zlib@openssh.com'] server compress:['none', 'zlib@openssh.com'] client lang:[''] server lang:[''] kex follows?False
DEB [20180831-13:27:38.576] thr=1   paramiko.transport: Kex agreed: ecdh-sha2-nistp256
DEB [20180831-13:27:38.576] thr=1   paramiko.transport: HostKey agreed: ssh-ed25519
DEB [20180831-13:27:38.576] thr=1   paramiko.transport: Cipher agreed: aes128-ctr
DEB [20180831-13:27:38.576] thr=1   paramiko.transport: MAC agreed: hmac-sha2-256
DEB [20180831-13:27:38.576] thr=1   paramiko.transport: Compression agreed: none
DEB [20180831-13:27:38.626] thr=1   paramiko.transport: kex engine KexNistp256 specified hash_algo <built-in function openssl_sha256>
DEB [20180831-13:27:38.626] thr=1   paramiko.transport: Switch to new keys ...
DEB [20180831-13:27:44.213] thr=1   paramiko.transport: userauth is OK
INF [20180831-13:27:44.252] thr=1   paramiko.transport: Authentication (password) successful!
DEB [20180831-13:27:44.252] thr=2   paramiko.transport: [chan 0] Max packet in: 32768 bytes
DEB [20180831-13:27:44.512] thr=1   paramiko.transport: Received global request "hostkeys-00@openssh.com"
DEB [20180831-13:27:44.512] thr=1   paramiko.transport: Rejecting "hostkeys-00@openssh.com" global request from server.
DEB [20180831-13:27:44.554] thr=1   paramiko.transport: [chan 0] Max packet out: 32768 bytes
DEB [20180831-13:27:44.554] thr=1   paramiko.transport: Secsh channel 0 opened.
DEB [20180831-13:27:44.559] thr=1   paramiko.transport: [chan 0] Sesch channel 0 request ok
DEB [20180831-13:27:44.561] thr=1   paramiko.transport: [chan 0] Sesch channel 0 request ok
DEB [20180831-13:27:49.861] thr=1   paramiko.transport: EOF in transport thread
DEB [20180831-13:29:43.433] thr=1   paramiko.transport: starting thread (client mode): 0x32484d0
DEB [20180831-13:29:43.434] thr=1   paramiko.transport: Local version/idstring: SSH-2.0-paramiko_2.4.1
DEB [20180831-13:29:43.452] thr=1   paramiko.transport: Remote version/idstring: SSH-2.0-OpenSSH_7.4
INF [20180831-13:29:43.452] thr=1   paramiko.transport: Connected (version 2.0, client OpenSSH_7.4)
DEB [20180831-13:29:43.454] thr=1   paramiko.transport: kex algos:['curve25519-sha256', 'curve25519-sha256@libssh.org', 'ecdh-sha2-nistp256', 'ecdh-sha2-nistp384', 'ecdh-sha2-nistp521', 'diffie-hellman-group-exchange-sha256', 'diffie-hellman-group16-sha512', 'diffie-hellman-group18-sha512', 'diffie-hellman-group-exchange-sha1', 'diffie-hellman-group14-sha256', 'diffie-hellman-group14-sha1', 'diffie-hellman-group1-sha1'] server key:['ssh-rsa', 'rsa-sha2-512', 'rsa-sha2-256', 'ecdsa-sha2-nistp256', 'ssh-ed25519'] client encrypt:['chacha20-poly1305@openssh.com', 'aes128-ctr', 'aes192-ctr', 'aes256-ctr', 'aes128-gcm@openssh.com', 'aes256-gcm@openssh.com', 'aes128-cbc', 'aes192-cbc', 'aes256-cbc', 'blowfish-cbc', 'cast128-cbc', '3des-cbc'] server encrypt:['chacha20-poly1305@openssh.com', 'aes128-ctr', 'aes192-ctr', 'aes256-ctr', 'aes128-gcm@openssh.com', 'aes256-gcm@openssh.com', 'aes128-cbc', 'aes192-cbc', 'aes256-cbc', 'blowfish-cbc', 'cast128-cbc', '3des-cbc'] client mac:['umac-64-etm@openssh.com', 'umac-128-etm@openssh.com', 'hmac-sha2-256-etm@openssh.com', 'hmac-sha2-512-etm@openssh.com', 'hmac-sha1-etm@openssh.com', 'umac-64@openssh.com', 'umac-128@openssh.com', 'hmac-sha2-256', 'hmac-sha2-512', 'hmac-sha1'] server mac:['umac-64-etm@openssh.com', 'umac-128-etm@openssh.com', 'hmac-sha2-256-etm@openssh.com', 'hmac-sha2-512-etm@openssh.com', 'hmac-sha1-etm@openssh.com', 'umac-64@openssh.com', 'umac-128@openssh.com', 'hmac-sha2-256', 'hmac-sha2-512', 'hmac-sha1'] client compress:['none', 'zlib@openssh.com'] server compress:['none', 'zlib@openssh.com'] client lang:[''] server lang:[''] kex follows?False
DEB [20180831-13:29:43.454] thr=1   paramiko.transport: Kex agreed: ecdh-sha2-nistp256
DEB [20180831-13:29:43.454] thr=1   paramiko.transport: HostKey agreed: ssh-ed25519
DEB [20180831-13:29:43.454] thr=1   paramiko.transport: Cipher agreed: aes128-ctr
DEB [20180831-13:29:43.454] thr=1   paramiko.transport: MAC agreed: hmac-sha2-256
DEB [20180831-13:29:43.454] thr=1   paramiko.transport: Compression agreed: none
DEB [20180831-13:29:43.505] thr=1   paramiko.transport: kex engine KexNistp256 specified hash_algo <built-in function openssl_sha256>
DEB [20180831-13:29:43.505] thr=1   paramiko.transport: Switch to new keys ...
DEB [20180831-13:29:47.900] thr=1   paramiko.transport: userauth is OK
INF [20180831-13:29:47.943] thr=1   paramiko.transport: Authentication (password) successful!
DEB [20180831-13:29:47.943] thr=2   paramiko.transport: [chan 0] Max packet in: 32768 bytes
DEB [20180831-13:29:48.169] thr=1   paramiko.transport: Received global request "hostkeys-00@openssh.com"
DEB [20180831-13:29:48.170] thr=1   paramiko.transport: Rejecting "hostkeys-00@openssh.com" global request from server.
DEB [20180831-13:29:48.209] thr=1   paramiko.transport: [chan 0] Max packet out: 32768 bytes
DEB [20180831-13:29:48.210] thr=1   paramiko.transport: Secsh channel 0 opened.
DEB [20180831-13:29:48.214] thr=1   paramiko.transport: [chan 0] Sesch channel 0 request ok
DEB [20180831-13:29:48.219] thr=1   paramiko.transport: [chan 0] Sesch channel 0 request ok
DEB [20180831-13:30:21.110] thr=1   paramiko.transport: EOF in transport thread
DEB [20180831-13:30:25.092] thr=1   paramiko.transport: starting thread (client mode): 0x3cc8470
DEB [20180831-13:30:25.092] thr=1   paramiko.transport: Local version/idstring: SSH-2.0-paramiko_2.4.1
DEB [20180831-13:30:25.108] thr=1   paramiko.transport: Remote version/idstring: SSH-2.0-OpenSSH_7.4
INF [20180831-13:30:25.108] thr=1   paramiko.transport: Connected (version 2.0, client OpenSSH_7.4)
DEB [20180831-13:30:25.112] thr=1   paramiko.transport: kex algos:['curve25519-sha256', 'curve25519-sha256@libssh.org', 'ecdh-sha2-nistp256', 'ecdh-sha2-nistp384', 'ecdh-sha2-nistp521', 'diffie-hellman-group-exchange-sha256', 'diffie-hellman-group16-sha512', 'diffie-hellman-group18-sha512', 'diffie-hellman-group-exchange-sha1', 'diffie-hellman-group14-sha256', 'diffie-hellman-group14-sha1', 'diffie-hellman-group1-sha1'] server key:['ssh-rsa', 'rsa-sha2-512', 'rsa-sha2-256', 'ecdsa-sha2-nistp256', 'ssh-ed25519'] client encrypt:['chacha20-poly1305@openssh.com', 'aes128-ctr', 'aes192-ctr', 'aes256-ctr', 'aes128-gcm@openssh.com', 'aes256-gcm@openssh.com', 'aes128-cbc', 'aes192-cbc', 'aes256-cbc', 'blowfish-cbc', 'cast128-cbc', '3des-cbc'] server encrypt:['chacha20-poly1305@openssh.com', 'aes128-ctr', 'aes192-ctr', 'aes256-ctr', 'aes128-gcm@openssh.com', 'aes256-gcm@openssh.com', 'aes128-cbc', 'aes192-cbc', 'aes256-cbc', 'blowfish-cbc', 'cast128-cbc', '3des-cbc'] client mac:['umac-64-etm@openssh.com', 'umac-128-etm@openssh.com', 'hmac-sha2-256-etm@openssh.com', 'hmac-sha2-512-etm@openssh.com', 'hmac-sha1-etm@openssh.com', 'umac-64@openssh.com', 'umac-128@openssh.com', 'hmac-sha2-256', 'hmac-sha2-512', 'hmac-sha1'] server mac:['umac-64-etm@openssh.com', 'umac-128-etm@openssh.com', 'hmac-sha2-256-etm@openssh.com', 'hmac-sha2-512-etm@openssh.com', 'hmac-sha1-etm@openssh.com', 'umac-64@openssh.com', 'umac-128@openssh.com', 'hmac-sha2-256', 'hmac-sha2-512', 'hmac-sha1'] client compress:['none', 'zlib@openssh.com'] server compress:['none', 'zlib@openssh.com'] client lang:[''] server lang:[''] kex follows?False
DEB [20180831-13:30:25.112] thr=1   paramiko.transport: Kex agreed: ecdh-sha2-nistp256
DEB [20180831-13:30:25.113] thr=1   paramiko.transport: HostKey agreed: ssh-ed25519
DEB [20180831-13:30:25.113] thr=1   paramiko.transport: Cipher agreed: aes128-ctr
DEB [20180831-13:30:25.113] thr=1   paramiko.transport: MAC agreed: hmac-sha2-256
DEB [20180831-13:30:25.113] thr=1   paramiko.transport: Compression agreed: none
DEB [20180831-13:30:25.165] thr=1   paramiko.transport: kex engine KexNistp256 specified hash_algo <built-in function openssl_sha256>
DEB [20180831-13:30:25.165] thr=1   paramiko.transport: Switch to new keys ...
DEB [20180831-13:30:30.750] thr=1   paramiko.transport: userauth is OK
INF [20180831-13:30:30.794] thr=1   paramiko.transport: Authentication (password) successful!
DEB [20180831-13:30:30.794] thr=2   paramiko.transport: [chan 0] Max packet in: 32768 bytes
DEB [20180831-13:30:31.022] thr=1   paramiko.transport: Received global request "hostkeys-00@openssh.com"
DEB [20180831-13:30:31.022] thr=1   paramiko.transport: Rejecting "hostkeys-00@openssh.com" global request from server.
DEB [20180831-13:30:31.063] thr=1   paramiko.transport: [chan 0] Max packet out: 32768 bytes
DEB [20180831-13:30:31.064] thr=1   paramiko.transport: Secsh channel 0 opened.
DEB [20180831-13:30:31.068] thr=1   paramiko.transport: [chan 0] Sesch channel 0 request ok
DEB [20180831-13:30:31.070] thr=1   paramiko.transport: [chan 0] Sesch channel 0 request ok
DEB [20180831-14:20:56.860] thr=1   paramiko.transport: starting thread (client mode): 0x3227a10
DEB [20180831-14:20:56.861] thr=1   paramiko.transport: Local version/idstring: SSH-2.0-paramiko_2.4.1
DEB [20180831-14:20:56.877] thr=1   paramiko.transport: Remote version/idstring: SSH-2.0-OpenSSH_7.4
INF [20180831-14:20:56.877] thr=1   paramiko.transport: Connected (version 2.0, client OpenSSH_7.4)
DEB [20180831-14:20:56.882] thr=1   paramiko.transport: kex algos:['curve25519-sha256', 'curve25519-sha256@libssh.org', 'ecdh-sha2-nistp256', 'ecdh-sha2-nistp384', 'ecdh-sha2-nistp521', 'diffie-hellman-group-exchange-sha256', 'diffie-hellman-group16-sha512', 'diffie-hellman-group18-sha512', 'diffie-hellman-group-exchange-sha1', 'diffie-hellman-group14-sha256', 'diffie-hellman-group14-sha1', 'diffie-hellman-group1-sha1'] server key:['ssh-rsa', 'rsa-sha2-512', 'rsa-sha2-256', 'ecdsa-sha2-nistp256', 'ssh-ed25519'] client encrypt:['chacha20-poly1305@openssh.com', 'aes128-ctr', 'aes192-ctr', 'aes256-ctr', 'aes128-gcm@openssh.com', 'aes256-gcm@openssh.com', 'aes128-cbc', 'aes192-cbc', 'aes256-cbc', 'blowfish-cbc', 'cast128-cbc', '3des-cbc'] server encrypt:['chacha20-poly1305@openssh.com', 'aes128-ctr', 'aes192-ctr', 'aes256-ctr', 'aes128-gcm@openssh.com', 'aes256-gcm@openssh.com', 'aes128-cbc', 'aes192-cbc', 'aes256-cbc', 'blowfish-cbc', 'cast128-cbc', '3des-cbc'] client mac:['umac-64-etm@openssh.com', 'umac-128-etm@openssh.com', 'hmac-sha2-256-etm@openssh.com', 'hmac-sha2-512-etm@openssh.com', 'hmac-sha1-etm@openssh.com', 'umac-64@openssh.com', 'umac-128@openssh.com', 'hmac-sha2-256', 'hmac-sha2-512', 'hmac-sha1'] server mac:['umac-64-etm@openssh.com', 'umac-128-etm@openssh.com', 'hmac-sha2-256-etm@openssh.com', 'hmac-sha2-512-etm@openssh.com', 'hmac-sha1-etm@openssh.com', 'umac-64@openssh.com', 'umac-128@openssh.com', 'hmac-sha2-256', 'hmac-sha2-512', 'hmac-sha1'] client compress:['none', 'zlib@openssh.com'] server compress:['none', 'zlib@openssh.com'] client lang:[''] server lang:[''] kex follows?False
DEB [20180831-14:20:56.882] thr=1   paramiko.transport: Kex agreed: ecdh-sha2-nistp256
DEB [20180831-14:20:56.882] thr=1   paramiko.transport: HostKey agreed: ssh-ed25519
DEB [20180831-14:20:56.882] thr=1   paramiko.transport: Cipher agreed: aes128-ctr
DEB [20180831-14:20:56.882] thr=1   paramiko.transport: MAC agreed: hmac-sha2-256
DEB [20180831-14:20:56.882] thr=1   paramiko.transport: Compression agreed: none
DEB [20180831-14:20:57.364] thr=1   paramiko.transport: kex engine KexNistp256 specified hash_algo <built-in function openssl_sha256>
DEB [20180831-14:20:57.364] thr=1   paramiko.transport: Switch to new keys ...
